2023-06-08T21:51:09+05:30 [INFO]: POST /REST/user/login
2023-06-08T21:51:09+05:30 [INFO]: 401 Unauthorized
2023-06-08T21:51:20+05:30 [INFO]: POST /REST/user/register
2023-06-08T21:51:20+05:30 [INFO]: 400 Bad Request
2023-06-08T21:51:43+05:30 [INFO]: POST /REST/user/register
2023-06-08T21:51:43+05:30 [INFO]: 201 Created
2023-06-08T21:52:07+05:30 [INFO]: POST /REST/user/login
2023-06-08T21:52:07+05:30 [INFO]: 200 OK
2023-06-08T21:52:38+05:30 [INFO]: POST /REST/courses/
2023-06-08T21:52:38+05:30 [INFO]: 200 OK
2023-06-08T21:52:47+05:30 [INFO]: GET /REST/courses/
2023-06-08T21:52:47+05:30 [INFO]: 200 OK
2023-06-08T22:01:53+05:30 [INFO]: POST /REST/user/register
2023-06-08T22:01:53+05:30 [INFO]: 400 Bad Request
2023-06-08T22:02:41+05:30 [INFO]: POST /REST/user/register
2023-06-08T22:02:41+05:30 [INFO]: 400 Bad Request
2023-06-08T22:03:35+05:30 [INFO]: POST /REST/user/register
2023-06-08T22:03:36+05:30 [INFO]: 201 Created
2023-06-08T22:27:51+05:30 [INFO]: OPTIONS /REST/user/register
2023-06-08T22:27:51+05:30 [INFO]: 200 OK
